Using pre-set license

 COMMAND LINE ARGUMENTS:
/Applications/Unity/Hub/Editor/2021.1.6f1/Unity.app/Contents/MacOS/Unity
-adb2
-batchMode
-noUpm
-name
AssetImportWorker0
-projectPath
/Users/user/dev/Garden Evolution/evolution-engine-core/Core
-logFile
Logs/AssetImportWorker0.log
-srvPort
64400
Successfully changed project path to: /Users/user/dev/Garden Evolution/evolution-engine-core/Core
/Users/user/dev/Garden Evolution/evolution-engine-core/Core
Using Asset Import Pipeline V2.
Refreshing native plugins compatible for Editor in 40.55 ms, found 1 plugins.
Preloading 0 native plugins for Editor in 0.00 ms.
Initialize engine version: 2021.1.6f1 (c0fade0cc7e9)
[Subsystems] Discovering subsystems at path /Applications/Unity/Hub/Editor/2021.1.6f1/Unity.app/Contents/Resources/UnitySubsystems
[Subsystems] Discovering subsystems at path /Users/user/dev/Garden Evolution/evolution-engine-core/Core/Assets
GfxDevice: creating device client; threaded=0; jobified=0
2021-10-15 23:35:44.433 Unity[12366:847735] Color LCD preferred device: Intel(R) Iris(TM) Plus Graphics 655 (low power)
2021-10-15 23:35:44.433 Unity[12366:847735] Metal devices available: 1
2021-10-15 23:35:44.433 Unity[12366:847735] 0: Intel(R) Iris(TM) Plus Graphics 655 (low power)
2021-10-15 23:35:44.433 Unity[12366:847735] Using device Intel(R) Iris(TM) Plus Graphics 655 (low power)
Initializing Metal device caps: Intel(R) Iris(TM) Plus Graphics 655
Initialize mono
Mono path[0] = '/Applications/Unity/Hub/Editor/2021.1.6f1/Unity.app/Contents/Managed'
Mono path[1] = '/Applications/Unity/Hub/Editor/2021.1.6f1/Unity.app/Contents/MonoBleedingEdge/lib/mono/unityjit'
Mono config path = '/Applications/Unity/Hub/Editor/2021.1.6f1/Unity.app/Contents/MonoBleedingEdge/etc'
Using monoOptions --debugger-agent=transport=dt_socket,embedding=1,server=y,suspend=n,address=127.0.0.1:56366
Begin MonoManager ReloadAssembly
Registering precompiled unity dll's ...
Register platform support module: /Applications/Unity/Hub/Editor/2021.1.6f1/Unity.app/Contents/PlaybackEngines/MacStandaloneSupport/UnityEditor.OSXStandalone.Extensions.dll
Registered in 0.003034 seconds.
Native extension for OSXStandalone target not found
Refreshing native plugins compatible for Editor in 39.10 ms, found 1 plugins.
Preloading 0 native plugins for Editor in 0.00 ms.
Mono: successfully reloaded assembly
- Completed reload, in  1.805 seconds
Platform modules already initialized, skipping
Registering precompiled user dll's ...
Registered in 0.006127 seconds.
Begin MonoManager ReloadAssembly
Native extension for OSXStandalone target not found
Refreshing native plugins compatible for Editor in 0.54 ms, found 1 plugins.
Preloading 0 native plugins for Editor in 0.00 ms.
Mono: successfully reloaded assembly
- Completed reload, in  1.063 seconds
Platform modules already initialized, skipping
========================================================================
Worker process is ready to serve import requests
Launching external process: /Applications/Unity/Hub/Editor/2021.1.6f1/Unity.app/Contents/Tools/UnityShaderCompiler
Launched and connected shader compiler UnityShaderCompiler after 0.03 seconds
Refreshing native plugins compatible for Editor in 0.36 ms, found 1 plugins.
Preloading 0 native plugins for Editor in 0.00 ms.
Unloading 1818 Unused Serialized files (Serialized files now loaded: 0)
System memory in use before: 140.4 MB.
System memory in use after: 140.5 MB.

Unloading 15 unused Assets to reduce memory usage. Loaded Objects now: 2270.
Total: 1.834589 ms (FindLiveObjects: 0.143915 ms CreateObjectMapping: 0.056100 ms MarkObjects: 1.572231 ms  DeleteObjects: 0.061450 ms)

========================================================================
Received Import Request.
  path: Assets/Submodules
  artifactKey: Guid(d55e2445b32bb4599884e60d3b101eae) Importer(815301076,1909f56bfc062723c751e8b465ee728b)
Start importing Assets/Submodules using Guid(d55e2445b32bb4599884e60d3b101eae) Importer(815301076,1909f56bfc062723c751e8b465ee728b)  -> (artifact id: '63bf7aadebd63df7e49409544fba7cd0') in 0.004694 seconds 
========================================================================
Received Import Request.
  Time since last request: 152.771285 seconds.
  path: Assets/Internal Assets/Scripts/Infrastructure
  artifactKey: Guid(fde63f1b27c644acf80c0288ba9e7efe) Importer(815301076,1909f56bfc062723c751e8b465ee728b)
Start importing Assets/Internal Assets/Scripts/Infrastructure using Guid(fde63f1b27c644acf80c0288ba9e7efe) Importer(815301076,1909f56bfc062723c751e8b465ee728b)  -> (artifact id: 'e39960ff65739ad42e8ac0152601a3a1') in 0.001698 seconds 
========================================================================
Received Prepare
Registering precompiled user dll's ...
Registered in 0.001230 seconds.
Begin MonoManager ReloadAssembly
Native extension for OSXStandalone target not found
Refreshing native plugins compatible for Editor in 0.59 ms, found 1 plugins.
Preloading 0 native plugins for Editor in 0.00 ms.
Mono: successfully reloaded assembly
- Completed reload, in  0.982 seconds
Platform modules already initialized, skipping
Refreshing native plugins compatible for Editor in 0.34 ms, found 1 plugins.
Preloading 0 native plugins for Editor in 0.00 ms.
Unloading 1812 Unused Serialized files (Serialized files now loaded: 0)
System memory in use before: 140.5 MB.
System memory in use after: 140.6 MB.

Unloading 10 unused Assets to reduce memory usage. Loaded Objects now: 2275.
Total: 1.686644 ms (FindLiveObjects: 0.149882 ms CreateObjectMapping: 0.062736 ms MarkObjects: 1.429751 ms  DeleteObjects: 0.043372 ms)

========================================================================
Received Prepare
Registering precompiled user dll's ...
Registered in 0.001038 seconds.
Begin MonoManager ReloadAssembly
Native extension for OSXStandalone target not found
Refreshing native plugins compatible for Editor in 0.34 ms, found 1 plugins.
Preloading 0 native plugins for Editor in 0.00 ms.
Mono: successfully reloaded assembly
- Completed reload, in  0.929 seconds
Platform modules already initialized, skipping
Refreshing native plugins compatible for Editor in 0.34 ms, found 1 plugins.
Preloading 0 native plugins for Editor in 0.00 ms.
Unloading 1816 Unused Serialized files (Serialized files now loaded: 0)
System memory in use before: 140.8 MB.
System memory in use after: 140.9 MB.

Unloading 10 unused Assets to reduce memory usage. Loaded Objects now: 2282.
Total: 1.992073 ms (FindLiveObjects: 0.184355 ms CreateObjectMapping: 0.080366 ms MarkObjects: 1.680947 ms  DeleteObjects: 0.045072 ms)

========================================================================
Received Import Request.
  Time since last request: 1887.478816 seconds.
  path: Assets/Scenes/Bootstrap.unity
  artifactKey: Guid(f74110cd429d7455295ad29242ba71ea) Importer(815301076,1909f56bfc062723c751e8b465ee728b)
Start importing Assets/Scenes/Bootstrap.unity using Guid(f74110cd429d7455295ad29242ba71ea) Importer(815301076,1909f56bfc062723c751e8b465ee728b)  -> (artifact id: '7c35cd322f6b8f37e939d2f8e92a9bd5') in 0.012161 seconds 
========================================================================
Received Import Request.
  Time since last request: 18.018350 seconds.
  path: Assets/Internal Assets/Scripts/Infrastructure/Services
  artifactKey: Guid(0f1d44ac6400a4aa69e21ac7955cc44d) Importer(815301076,1909f56bfc062723c751e8b465ee728b)
Start importing Assets/Internal Assets/Scripts/Infrastructure/Services using Guid(0f1d44ac6400a4aa69e21ac7955cc44d) Importer(815301076,1909f56bfc062723c751e8b465ee728b)  -> (artifact id: 'f124ec3963c365f2fae811c2922de3d6') in 0.002037 seconds 
========================================================================
Received Import Request.
  Time since last request: 0.843297 seconds.
  path: Assets/Internal Assets/Scripts/Infrastructure/IService.cs
  artifactKey: Guid(f084216a453ca4c2d9c6253733d5df55) Importer(815301076,1909f56bfc062723c751e8b465ee728b)
Start importing Assets/Internal Assets/Scripts/Infrastructure/IService.cs using Guid(f084216a453ca4c2d9c6253733d5df55) Importer(815301076,1909f56bfc062723c751e8b465ee728b)  -> (artifact id: 'a6e099027f978009fb026f65bc733ecb') in 0.434893 seconds 
========================================================================
Received Prepare
Registering precompiled user dll's ...
Registered in 0.001152 seconds.
Begin MonoManager ReloadAssembly
Native extension for OSXStandalone target not found
Refreshing native plugins compatible for Editor in 0.41 ms, found 1 plugins.
Preloading 0 native plugins for Editor in 0.00 ms.
Mono: successfully reloaded assembly
- Completed reload, in  0.972 seconds
Platform modules already initialized, skipping
Refreshing native plugins compatible for Editor in 0.34 ms, found 1 plugins.
Preloading 0 native plugins for Editor in 0.00 ms.
Unloading 1816 Unused Serialized files (Serialized files now loaded: 0)
System memory in use before: 145.9 MB.
System memory in use after: 146.0 MB.

Unloading 10 unused Assets to reduce memory usage. Loaded Objects now: 2285.
Total: 1.697698 ms (FindLiveObjects: 0.151165 ms CreateObjectMapping: 0.066490 ms MarkObjects: 1.439384 ms  DeleteObjects: 0.039613 ms)

========================================================================
Received Import Request.
  Time since last request: 10.431425 seconds.
  path: Assets/Internal Assets/Scripts/Infrastructure/Installers
  artifactKey: Guid(ebf9f4a3b1f844a889763d652b02af82) Importer(815301076,1909f56bfc062723c751e8b465ee728b)
Start importing Assets/Internal Assets/Scripts/Infrastructure/Installers using Guid(ebf9f4a3b1f844a889763d652b02af82) Importer(815301076,1909f56bfc062723c751e8b465ee728b)  -> (artifact id: '7768bda4ab37c4593a754206b9202b5d') in 0.004829 seconds 
========================================================================
Received Import Request.
  Time since last request: 3.876237 seconds.
  path: Assets/Internal Assets/Scripts/Infrastructure/Installers/Bootstrap.cs
  artifactKey: Guid(1241e0845178a480b927e2ef4565ddf8) Importer(815301076,1909f56bfc062723c751e8b465ee728b)
Start importing Assets/Internal Assets/Scripts/Infrastructure/Installers/Bootstrap.cs using Guid(1241e0845178a480b927e2ef4565ddf8) Importer(815301076,1909f56bfc062723c751e8b465ee728b)  -> (artifact id: 'c67fb149814c19a7a5e4558a79b7c9da') in 0.004837 seconds 
========================================================================
Received Prepare
Registering precompiled user dll's ...
Registered in 0.001084 seconds.
Begin MonoManager ReloadAssembly
Native extension for OSXStandalone target not found
Refreshing native plugins compatible for Editor in 0.37 ms, found 1 plugins.
Preloading 0 native plugins for Editor in 0.00 ms.
Mono: successfully reloaded assembly
- Completed reload, in  0.959 seconds
Platform modules already initialized, skipping
Refreshing native plugins compatible for Editor in 0.28 ms, found 1 plugins.
Preloading 0 native plugins for Editor in 0.00 ms.
Unloading 1817 Unused Serialized files (Serialized files now loaded: 0)
System memory in use before: 146.1 MB.
System memory in use after: 146.2 MB.

Unloading 10 unused Assets to reduce memory usage. Loaded Objects now: 2289.
Total: 1.888406 ms (FindLiveObjects: 0.232935 ms CreateObjectMapping: 0.071936 ms MarkObjects: 1.543385 ms  DeleteObjects: 0.039328 ms)

========================================================================
Received Import Request.
  Time since last request: 11.604936 seconds.
  path: Assets/Plugins/Zenject/zenject.asmdef
  artifactKey: Guid(0d8beb7f090555447a6cf5ce9e54dbb4) Importer(815301076,1909f56bfc062723c751e8b465ee728b)
Start importing Assets/Plugins/Zenject/zenject.asmdef using Guid(0d8beb7f090555447a6cf5ce9e54dbb4) Importer(815301076,1909f56bfc062723c751e8b465ee728b)  -> (artifact id: '1c12f85dcca85699424f72684e214540') in 0.750922 seconds 
========================================================================
Received Import Request.
  Time since last request: 0.730182 seconds.
  path: Assets/Scenes/Bootstrap.unity
  artifactKey: Guid(f74110cd429d7455295ad29242ba71ea) Importer(815301076,1909f56bfc062723c751e8b465ee728b)
Start importing Assets/Scenes/Bootstrap.unity using Guid(f74110cd429d7455295ad29242ba71ea) Importer(815301076,1909f56bfc062723c751e8b465ee728b)  -> (artifact id: '30e4aac6804d90e248e203ff7a2e9bad') in 0.010707 seconds 
========================================================================
Received Import Request.
  Time since last request: 9.082116 seconds.
  path: Assets/Resources
  artifactKey: Guid(1227ccaa032954fa5b2a9f09c2cdcf5b) Importer(815301076,1909f56bfc062723c751e8b465ee728b)
Start importing Assets/Resources using Guid(1227ccaa032954fa5b2a9f09c2cdcf5b) Importer(815301076,1909f56bfc062723c751e8b465ee728b)  -> (artifact id: 'bab115328155ca6ee0b93108193a0f78') in 0.002109 seconds 
========================================================================
Received Import Request.
  Time since last request: 34.915634 seconds.
  path: Assets/Resources/ProjectContext.prefab
  artifactKey: Guid(51c2561d161b64534a99e1bb6046dc77) Importer(815301076,1909f56bfc062723c751e8b465ee728b)
Start importing Assets/Resources/ProjectContext.prefab using Guid(51c2561d161b64534a99e1bb6046dc77) Importer(815301076,1909f56bfc062723c751e8b465ee728b)  -> (artifact id: 'a6bc86da4f4d09dd4a1fb93383e175f5') in 0.340687 seconds 
========================================================================
Received Import Request.
  Time since last request: 9.297372 seconds.
  path: Assets/Resources/ProjectContext.prefab
  artifactKey: Guid(51c2561d161b64534a99e1bb6046dc77) Importer(815301076,1909f56bfc062723c751e8b465ee728b)
Start importing Assets/Resources/ProjectContext.prefab using Guid(51c2561d161b64534a99e1bb6046dc77) Importer(815301076,1909f56bfc062723c751e8b465ee728b)  -> (artifact id: 'c368d2fe763182bd5329399dfca6454a') in 0.004222 seconds 
========================================================================
Received Import Request.
  Time since last request: 20.698088 seconds.
  path: Assets/Internal Assets/Scripts/Infrastructure/Installers/ServicesInstaller.cs
  artifactKey: Guid(1241e0845178a480b927e2ef4565ddf8) Importer(815301076,1909f56bfc062723c751e8b465ee728b)
Start importing Assets/Internal Assets/Scripts/Infrastructure/Installers/ServicesInstaller.cs using Guid(1241e0845178a480b927e2ef4565ddf8) Importer(815301076,1909f56bfc062723c751e8b465ee728b)  -> (artifact id: '678d8c90e580e4b6ce9f155122eba4f2') in 0.002790 seconds 
========================================================================
Received Prepare
Registering precompiled user dll's ...
Registered in 0.001100 seconds.
Begin MonoManager ReloadAssembly
Native extension for OSXStandalone target not found
Refreshing native plugins compatible for Editor in 0.36 ms, found 1 plugins.
Preloading 0 native plugins for Editor in 0.00 ms.
Mono: successfully reloaded assembly
- Completed reload, in  0.951 seconds
Platform modules already initialized, skipping
Refreshing native plugins compatible for Editor in 0.34 ms, found 1 plugins.
Preloading 0 native plugins for Editor in 0.00 ms.
Unloading 1817 Unused Serialized files (Serialized files now loaded: 0)
System memory in use before: 154.8 MB.
System memory in use after: 154.9 MB.

Unloading 10 unused Assets to reduce memory usage. Loaded Objects now: 2292.
Total: 2.256182 ms (FindLiveObjects: 0.225639 ms CreateObjectMapping: 0.224047 ms MarkObjects: 1.755923 ms  DeleteObjects: 0.048806 ms)

========================================================================
Received Import Request.
  Time since last request: 1372.733782 seconds.
  path: Assets/Internal Assets/Scripts/Infrastructure/Installers/ServicesInstaller.cs
  artifactKey: Guid(1241e0845178a480b927e2ef4565ddf8) Importer(815301076,1909f56bfc062723c751e8b465ee728b)
Start importing Assets/Internal Assets/Scripts/Infrastructure/Installers/ServicesInstaller.cs using Guid(1241e0845178a480b927e2ef4565ddf8) Importer(815301076,1909f56bfc062723c751e8b465ee728b)  -> (artifact id: '54f00bec9497a60d47ec0bcc7f82eeeb') in 0.005479 seconds 
========================================================================
Received Prepare
Registering precompiled user dll's ...
Registered in 0.001085 seconds.
Begin MonoManager ReloadAssembly
Native extension for OSXStandalone target not found
Refreshing native plugins compatible for Editor in 0.39 ms, found 1 plugins.
Preloading 0 native plugins for Editor in 0.00 ms.
Mono: successfully reloaded assembly
- Completed reload, in  0.968 seconds
Platform modules already initialized, skipping
Refreshing native plugins compatible for Editor in 0.28 ms, found 1 plugins.
Preloading 0 native plugins for Editor in 0.00 ms.
Unloading 1817 Unused Serialized files (Serialized files now loaded: 0)
System memory in use before: 155.0 MB.
System memory in use after: 155.1 MB.

Unloading 11 unused Assets to reduce memory usage. Loaded Objects now: 2295.
Total: 1.683894 ms (FindLiveObjects: 0.131946 ms CreateObjectMapping: 0.056447 ms MarkObjects: 1.457994 ms  DeleteObjects: 0.036614 ms)

========================================================================
Received Import Request.
  Time since last request: 20.956714 seconds.
  path: Assets/Internal Assets/Scripts/Infrastructure/Installers/ServicesInstaller.cs
  artifactKey: Guid(1241e0845178a480b927e2ef4565ddf8) Importer(815301076,1909f56bfc062723c751e8b465ee728b)
Start importing Assets/Internal Assets/Scripts/Infrastructure/Installers/ServicesInstaller.cs using Guid(1241e0845178a480b927e2ef4565ddf8) Importer(815301076,1909f56bfc062723c751e8b465ee728b)  -> (artifact id: '1063c72d06a48be95c040dcf46a035fa') in 0.003690 seconds 
========================================================================
Received Prepare
Registering precompiled user dll's ...
Registered in 0.001189 seconds.
Begin MonoManager ReloadAssembly
Native extension for OSXStandalone target not found
Refreshing native plugins compatible for Editor in 0.47 ms, found 1 plugins.
Preloading 0 native plugins for Editor in 0.00 ms.
Mono: successfully reloaded assembly
- Completed reload, in  0.938 seconds
Platform modules already initialized, skipping
Refreshing native plugins compatible for Editor in 0.34 ms, found 1 plugins.
Preloading 0 native plugins for Editor in 0.00 ms.
Unloading 1817 Unused Serialized files (Serialized files now loaded: 0)
System memory in use before: 155.2 MB.
System memory in use after: 155.3 MB.

Unloading 10 unused Assets to reduce memory usage. Loaded Objects now: 2298.
Total: 1.841633 ms (FindLiveObjects: 0.161307 ms CreateObjectMapping: 0.056368 ms MarkObjects: 1.585413 ms  DeleteObjects: 0.037655 ms)

========================================================================
Received Prepare
Registering precompiled user dll's ...
Registered in 0.001713 seconds.
Begin MonoManager ReloadAssembly
Native extension for OSXStandalone target not found
Refreshing native plugins compatible for Editor in 0.42 ms, found 1 plugins.
Preloading 0 native plugins for Editor in 0.00 ms.
Mono: successfully reloaded assembly
- Completed reload, in  0.976 seconds
Platform modules already initialized, skipping
Refreshing native plugins compatible for Editor in 0.39 ms, found 1 plugins.
Preloading 0 native plugins for Editor in 0.00 ms.
Unloading 1817 Unused Serialized files (Serialized files now loaded: 0)
System memory in use before: 155.4 MB.
System memory in use after: 155.5 MB.

Unloading 10 unused Assets to reduce memory usage. Loaded Objects now: 2301.
Total: 1.696389 ms (FindLiveObjects: 0.146962 ms CreateObjectMapping: 0.060849 ms MarkObjects: 1.448463 ms  DeleteObjects: 0.039281 ms)

========================================================================
Received Prepare
Registering precompiled user dll's ...
Registered in 0.001397 seconds.
Begin MonoManager ReloadAssembly
Native extension for OSXStandalone target not found
Refreshing native plugins compatible for Editor in 0.36 ms, found 1 plugins.
Preloading 0 native plugins for Editor in 0.00 ms.
Mono: successfully reloaded assembly
- Completed reload, in  0.979 seconds
Platform modules already initialized, skipping
Refreshing native plugins compatible for Editor in 0.28 ms, found 1 plugins.
Preloading 0 native plugins for Editor in 0.00 ms.
Unloading 1817 Unused Serialized files (Serialized files now loaded: 0)
System memory in use before: 155.5 MB.
System memory in use after: 155.6 MB.

Unloading 10 unused Assets to reduce memory usage. Loaded Objects now: 2304.
Total: 1.642134 ms (FindLiveObjects: 0.118523 ms CreateObjectMapping: 0.053401 ms MarkObjects: 1.434805 ms  DeleteObjects: 0.034495 ms)

========================================================================
Received Prepare
Registering precompiled user dll's ...
Registered in 0.001722 seconds.
Begin MonoManager ReloadAssembly
Native extension for OSXStandalone target not found
Refreshing native plugins compatible for Editor in 0.61 ms, found 1 plugins.
Preloading 0 native plugins for Editor in 0.00 ms.
Mono: successfully reloaded assembly
- Completed reload, in  0.980 seconds
Platform modules already initialized, skipping
Refreshing native plugins compatible for Editor in 0.32 ms, found 1 plugins.
Preloading 0 native plugins for Editor in 0.00 ms.
Unloading 1817 Unused Serialized files (Serialized files now loaded: 0)
System memory in use before: 155.7 MB.
System memory in use after: 155.8 MB.

Unloading 10 unused Assets to reduce memory usage. Loaded Objects now: 2307.
Total: 1.729161 ms (FindLiveObjects: 0.152807 ms CreateObjectMapping: 0.066921 ms MarkObjects: 1.473159 ms  DeleteObjects: 0.035438 ms)

========================================================================
Received Import Request.
  Time since last request: 157.629019 seconds.
  path: Assets/Resources/ProjectContext.prefab
  artifactKey: Guid(51c2561d161b64534a99e1bb6046dc77) Importer(815301076,1909f56bfc062723c751e8b465ee728b)
Start importing Assets/Resources/ProjectContext.prefab using Guid(51c2561d161b64534a99e1bb6046dc77) Importer(815301076,1909f56bfc062723c751e8b465ee728b)  -> (artifact id: 'a52d75e20a35ce949e3fc3355c7b1217') in 0.027926 seconds 
========================================================================
Received Import Request.
  Time since last request: 2.348326 seconds.
  path: Assets/Resources/ProjectContext.prefab
  artifactKey: Guid(51c2561d161b64534a99e1bb6046dc77) Importer(815301076,1909f56bfc062723c751e8b465ee728b)
Start importing Assets/Resources/ProjectContext.prefab using Guid(51c2561d161b64534a99e1bb6046dc77) Importer(815301076,1909f56bfc062723c751e8b465ee728b)  -> (artifact id: '1bccbd6d24075ce59329c0bba9481a60') in 0.004390 seconds 
========================================================================
Received Prepare
Registering precompiled user dll's ...
Registered in 0.001093 seconds.
Begin MonoManager ReloadAssembly
Native extension for OSXStandalone target not found
Refreshing native plugins compatible for Editor in 0.37 ms, found 1 plugins.
Preloading 0 native plugins for Editor in 0.00 ms.
Mono: successfully reloaded assembly
- Completed reload, in  0.956 seconds
Platform modules already initialized, skipping
Refreshing native plugins compatible for Editor in 0.28 ms, found 1 plugins.
Preloading 0 native plugins for Editor in 0.00 ms.
Unloading 1817 Unused Serialized files (Serialized files now loaded: 0)
System memory in use before: 155.9 MB.
System memory in use after: 156.0 MB.

Unloading 10 unused Assets to reduce memory usage. Loaded Objects now: 2310.
Total: 1.718615 ms (FindLiveObjects: 0.127475 ms CreateObjectMapping: 0.057779 ms MarkObjects: 1.498266 ms  DeleteObjects: 0.034272 ms)

========================================================================
Received Prepare
Registering precompiled user dll's ...
Registered in 0.001084 seconds.
Begin MonoManager ReloadAssembly
Native extension for OSXStandalone target not found
Refreshing native plugins compatible for Editor in 0.40 ms, found 1 plugins.
Preloading 0 native plugins for Editor in 0.00 ms.
Mono: successfully reloaded assembly
- Completed reload, in  0.982 seconds
Platform modules already initialized, skipping
Refreshing native plugins compatible for Editor in 0.30 ms, found 1 plugins.
Preloading 0 native plugins for Editor in 0.00 ms.
Unloading 1817 Unused Serialized files (Serialized files now loaded: 0)
System memory in use before: 156.1 MB.
System memory in use after: 156.2 MB.

Unloading 10 unused Assets to reduce memory usage. Loaded Objects now: 2313.
Total: 1.924438 ms (FindLiveObjects: 0.128837 ms CreateObjectMapping: 0.053692 ms MarkObjects: 1.699239 ms  DeleteObjects: 0.041720 ms)

========================================================================
Received Prepare
Registering precompiled user dll's ...
Registered in 0.001118 seconds.
Begin MonoManager ReloadAssembly
Native extension for OSXStandalone target not found
Refreshing native plugins compatible for Editor in 0.37 ms, found 1 plugins.
Preloading 0 native plugins for Editor in 0.00 ms.
Mono: successfully reloaded assembly
- Completed reload, in  0.995 seconds
Platform modules already initialized, skipping
Refreshing native plugins compatible for Editor in 0.31 ms, found 1 plugins.
Preloading 0 native plugins for Editor in 0.00 ms.
Unloading 1817 Unused Serialized files (Serialized files now loaded: 0)
System memory in use before: 156.3 MB.
System memory in use after: 156.4 MB.

Unloading 10 unused Assets to reduce memory usage. Loaded Objects now: 2316.
Total: 2.010546 ms (FindLiveObjects: 0.153305 ms CreateObjectMapping: 0.064043 ms MarkObjects: 1.747705 ms  DeleteObjects: 0.044474 ms)

========================================================================
Received Prepare
Registering precompiled user dll's ...
Registered in 0.001104 seconds.
Begin MonoManager ReloadAssembly
Native extension for OSXStandalone target not found
Refreshing native plugins compatible for Editor in 0.37 ms, found 1 plugins.
Preloading 0 native plugins for Editor in 0.00 ms.
Mono: successfully reloaded assembly
- Completed reload, in  0.955 seconds
Platform modules already initialized, skipping
Refreshing native plugins compatible for Editor in 0.40 ms, found 1 plugins.
Preloading 0 native plugins for Editor in 0.00 ms.
Unloading 1817 Unused Serialized files (Serialized files now loaded: 0)
System memory in use before: 156.5 MB.
System memory in use after: 156.6 MB.

Unloading 10 unused Assets to reduce memory usage. Loaded Objects now: 2319.
Total: 1.833373 ms (FindLiveObjects: 0.135016 ms CreateObjectMapping: 0.056107 ms MarkObjects: 1.604113 ms  DeleteObjects: 0.037199 ms)

========================================================================
Received Prepare
Registering precompiled user dll's ...
Registered in 0.001108 seconds.
Begin MonoManager ReloadAssembly
Native extension for OSXStandalone target not found
Refreshing native plugins compatible for Editor in 0.47 ms, found 1 plugins.
Preloading 0 native plugins for Editor in 0.00 ms.
Mono: successfully reloaded assembly
- Completed reload, in  0.965 seconds
Platform modules already initialized, skipping
Refreshing native plugins compatible for Editor in 0.28 ms, found 1 plugins.
Preloading 0 native plugins for Editor in 0.00 ms.
Unloading 1817 Unused Serialized files (Serialized files now loaded: 0)
System memory in use before: 156.6 MB.
System memory in use after: 156.7 MB.

Unloading 10 unused Assets to reduce memory usage. Loaded Objects now: 2322.
Total: 1.687970 ms (FindLiveObjects: 0.126529 ms CreateObjectMapping: 0.056089 ms MarkObjects: 1.469313 ms  DeleteObjects: 0.035350 ms)

========================================================================
Received Import Request.
  Time since last request: 187.381782 seconds.
  path: Assets/Scenes/Main.unity
  artifactKey: Guid(9fc0d4010bbf28b4594072e72b8655ab) Importer(815301076,1909f56bfc062723c751e8b465ee728b)
Start importing Assets/Scenes/Main.unity using Guid(9fc0d4010bbf28b4594072e72b8655ab) Importer(815301076,1909f56bfc062723c751e8b465ee728b)  -> (artifact id: 'f19b0c1859692c134b3e04807ce24e81') in 0.020547 seconds 
